{
  "RSpec": {
    "coverage": {
      "/home/mevid/GitHub/ratebeer/app/helpers/application_helper.rb": [
        1,
        null
      ],
      "/home/mevid/GitHub/ratebeer/app/helpers/beer_clubs_helper.rb": [
        1,
        null
      ],
      "/home/mevid/GitHub/ratebeer/app/helpers/beers_helper.rb": [
        1,
        null
      ],
      "/home/mevid/GitHub/ratebeer/app/helpers/breweries_helper.rb": [
        1,
        null
      ],
      "/home/mevid/GitHub/ratebeer/app/helpers/memberships_helper.rb": [
        1,
        null
      ],
      "/home/mevid/GitHub/ratebeer/app/helpers/users_helper.rb": [
        1,
        null
      ],
      "/home/mevid/GitHub/ratebeer/app/models/beer.rb": [
        1,
        1,
        null,
        1,
        1,
        null,
        1,
        1,
        1,
        null,
        null,
        1,
        2,
        null,
        null,
        1,
        0,
        null,
        0,
        null,
        null
      ],
      "/home/mevid/GitHub/ratebeer/app/models/application_record.rb": [
        1,
        1,
        null
      ],
      "/home/mevid/GitHub/ratebeer/app/models/concerns/rating_average.rb": [
        1,
        1,
        null,
        null,
        1,
        15,
        15,
        15,
        null,
        27,
        10,
        null,
        null
      ],
      "/home/mevid/GitHub/ratebeer/app/models/user.rb": [
        1,
        1,
        null,
        1,
        null,
        1,
        null,
        1,
        null,
        1,
        1,
        1,
        1,
        null,
        null,
        null,
        1,
        36,
        null,
        36,
        null,
        36,
        null,
        null,
        1,
        3,
        null,
        2,
        null,
        null,
        null,
        1,
        11,
        null,
        37,
        10,
        10,
        10,
        12,
        12,
        11,
        11,
        null,
        null,
        10,
        null,
        null,
        null,
        1,
        12,
        null,
        63,
        12,
        null,
        39,
        null,
        null,
        null,
        1,
        11,
        null,
        33,
        10,
        10,
        10,
        14,
        14,
        12,
        12,
        null,
        null,
        10,
        null,
        null,
        null,
        1,
        14,
        null,
        69,
        14,
        null,
        14,
        null,
        null
      ],
      "/home/mevid/GitHub/ratebeer/app/controllers/sessions_controller.rb": [
        1,
        1,
        null,
        null,
        null,
        1,
        null,
        8,
        null,
        8,
        7,
        null,
        7,
        null,
        1,
        null,
        null,
        null,
        1,
        null,
        0,
        null,
        0,
        null,
        null
      ],
      "/home/mevid/GitHub/ratebeer/app/controllers/application_controller.rb": [
        1,
        null,
        1,
        null,
        1,
        182,
        null,
        121,
        null,
        null,
        1,
        4,
        null,
        null
      ],
      "/home/mevid/GitHub/ratebeer/app/controllers/users_controller.rb": [
        1,
        1,
        null,
        null,
        null,
        1,
        0,
        null,
        null,
        null,
        null,
        1,
        null,
        null,
        null,
        1,
        1,
        null,
        null,
        null,
        1,
        null,
        null,
        null,
        null,
        1,
        1,
        null,
        1,
        1,
        2,
        1,
        null,
        0,
        0,
        null,
        null,
        null,
        null,
        null,
        null,
        1,
        0,
        0,
        0,
        0,
        null,
        0,
        0,
        null,
        null,
        null,
        null,
        null,
        null,
        1,
        0,
        0,
        null,
        0,
        0,
        0,
        0,
        null,
        null,
        0,
        null,
        null,
        null,
        1,
        null,
        null,
        1,
        13,
        null,
        null,
        null,
        1,
        1,
        null,
        null
      ],
      "/home/mevid/GitHub/ratebeer/app/models/rating.rb": [
        1,
        1,
        1,
        null,
        1,
        null,
        null,
        null,
        null,
        1,
        19,
        null,
        null
      ],
      "/home/mevid/GitHub/ratebeer/app/models/membership.rb": [
        1,
        1,
        1,
        null
      ],
      "/home/mevid/GitHub/ratebeer/app/models/beer_club.rb": [
        1,
        1,
        1,
        null
      ],
      "/home/mevid/GitHub/ratebeer/app/models/brewery.rb": [
        1,
        1,
        null,
        1,
        1,
        null,
        45,
        null,
        1,
        1,
        null,
        1,
        0,
        0,
        0,
        null,
        null,
        1,
        0,
        0,
        null,
        null
      ],
      "/home/mevid/GitHub/ratebeer/app/controllers/beers_controller.rb": [
        1,
        1,
        1,
        1,
        null,
        null,
        null,
        1,
        1,
        null,
        null,
        null,
        null,
        1,
        null,
        null,
        null,
        1,
        2,
        null,
        null,
        null,
        1,
        null,
        null,
        null,
        null,
        1,
        2,
        null,
        2,
        2,
        2,
        1,
        null,
        2,
        1,
        null,
        null,
        null,
        null,
        null,
        null,
        1,
        0,
        0,
        0,
        0,
        null,
        0,
        0,
        null,
        null,
        null,
        null,
        null,
        null,
        1,
        0,
        0,
        0,
        0,
        null,
        null,
        null,
        1,
        null,
        null,
        1,
        0,
        null,
        null,
        null,
        1,
        2,
        null,
        null,
        1,
        4,
        4,
        null,
        null
      ],
      "/home/mevid/GitHub/ratebeer/app/controllers/breweries_controller.rb": [
        1,
        1,
        1,
        null,
        null,
        null,
        1,
        4,
        null,
        null,
        null,
        null,
        1,
        null,
        null,
        null,
        1,
        0,
        null,
        null,
        null,
        1,
        null,
        null,
        null,
        null,
        1,
        0,
        null,
        0,
        0,
        0,
        0,
        null,
        0,
        0,
        null,
        null,
        null,
        null,
        null,
        null,
        1,
        0,
        0,
        0,
        0,
        null,
        0,
        0,
        null,
        null,
        null,
        null,
        null,
        null,
        1,
        0,
        0,
        0,
        0,
        null,
        null,
        null,
        1,
        null,
        null,
        1,
        1,
        null,
        null,
        null,
        1,
        0,
        null,
        null
      ],
      "/home/mevid/GitHub/ratebeer/lib/beermapping_api.rb": [
        1,
        1,
        6,
        11,
        null,
        null,
        1,
        5,
        null,
        5,
        5,
        null,
        5,
        null,
        4,
        null,
        4,
        8,
        null,
        null,
        null,
        1,
        5,
        null,
        null
      ],
      "/home/mevid/GitHub/ratebeer/app/models/place.rb": [
        1,
        1,
        5,
        null,
        null
      ],
      "/home/mevid/GitHub/ratebeer/app/controllers/places_controller.rb": [
        1,
        1,
        null,
        null,
        1,
        3,
        3,
        1,
        null,
        2,
        null,
        null,
        null
      ],
      "/home/mevid/GitHub/ratebeer/app/controllers/ratings_controller.rb": [
        1,
        null,
        null,
        1,
        2,
        null,
        null,
        null,
        1,
        1,
        1,
        null,
        null,
        null,
        1,
        null,
        1,
        null,
        null,
        null,
        1,
        null,
        1,
        1,
        null,
        0,
        0,
        null,
        null,
        null,
        null,
        1,
        1,
        1,
        1,
        null,
        null
      ],
      "/home/mevid/GitHub/ratebeer/app/jobs/application_job.rb": [
        0,
        0
      ],
      "/home/mevid/GitHub/ratebeer/app/controllers/beer_clubs_controller.rb": [
        0,
        0,
        0,
        null,
        null,
        null,
        0,
        0,
        0,
        null,
        null,
        null,
        0,
        0,
        null,
        null,
        0,
        0,
        0,
        null,
        null,
        0,
        0,
        null,
        null,
        null,
        0,
        0,
        null,
        0,
        0,
        0,
        0,
        0,
        0,
        0,
        0,
        0,
        0,
        null,
        null,
        null,
        0,
        0,
        0,
        0,
        0,
        0,
        0,
        0,
        0,
        0,
        0,
        null,
        null,
        null,
        0,
        0,
        0,
        0,
        0,
        0,
        0,
        null,
        0,
        null,
        null,
        0,
        0,
        0,
        null,
        null,
        0,
        0,
        0,
        0
      ],
      "/home/mevid/GitHub/ratebeer/app/controllers/memberships_controller.rb": [
        0,
        0,
        null,
        null,
        null,
        0,
        0,
        0,
        null,
        null,
        null,
        0,
        0,
        null,
        null,
        0,
        0,
        0,
        0,
        null,
        null,
        0,
        0,
        null,
        null,
        null,
        0,
        0,
        0,
        null,
        0,
        null,
        0,
        0,
        0,
        0,
        0,
        0,
        0,
        0,
        0,
        0,
        null,
        null,
        null,
        0,
        0,
        0,
        0,
        0,
        0,
        0,
        0,
        0,
        0,
        0,
        null,
        null,
        null,
        0,
        0,
        0,
        0,
        0,
        0,
        0,
        null,
        0,
        null,
        null,
        0,
        0,
        0,
        null,
        null,
        0,
        0,
        0,
        0
      ],
      "/home/mevid/GitHub/ratebeer/app/channels/application_cable/connection.rb": [
        0,
        0,
        0,
        0
      ],
      "/home/mevid/GitHub/ratebeer/app/channels/application_cable/channel.rb": [
        0,
        0,
        0,
        0
      ],
      "/home/mevid/GitHub/ratebeer/app/mailers/application_mailer.rb": [
        0,
        0,
        0,
        0
      ]
    },
    "timestamp": 1538479643
  }
}
